<?xml version="1.0" encoding="UTF-8"?>
<testsuite xmlns:xsi="http://www.w3.org/2001/XMLSchema-instance" xsi:noNamespaceSchemaLocation="https://maven.apache.org/surefire/maven-surefire-plugin/xsd/surefire-test-report-3.0.xsd" version="3.0" name="com.kushagra.taskscheduler.service.TaskServiceTest" time="3.062" tests="5" errors="0" skipped="0" failures="0">
  <properties>
[...]
</properties>
  <testcase name="createTask_shouldSaveAndPublishEvent_whenNotScheduled" classname="com.kushagra.taskscheduler.service.TaskServiceTest" time="2.907">
    <system-err><![CDATA[WARNING: A Java agent has been loaded dynamically (C:\Users\Kushagra Tripathi\.m2\repository\net\bytebuddy\byte-buddy-agent\1.14.16\byte-buddy-agent-1.14.16.jar)
WARNING: If a serviceability tool is in use, please run with -XX:+EnableDynamicAgentLoading to hide this warning
WARNING: If a serviceability tool is not in use, please run with -Djdk.instrument.traceUsage for more information
WARNING: Dynamic loading of agents will be disallowed by default in a future release
]]></system-err>
  </testcase>
  <testcase name="getTaskById_shouldReturnTask_whenTaskExists" classname="com.kushagra.taskscheduler.service.TaskServiceTest" time="0.02">
    <system-out><![CDATA[23:52:43.404 [main] INFO com.kushagra.taskscheduler.service.TaskService -- Fetching task 1 from DATABASE (cache miss)
]]></system-out>
  </testcase>
  <testcase name="getAllTasks_shouldReturnEmptyList_whenNoTasksExist" classname="com.kushagra.taskscheduler.service.TaskServiceTest" time="0.033"/>
  <testcase name="deleteTask_shouldThrowException_whenTaskDoesNotExist" classname="com.kushagra.taskscheduler.service.TaskServiceTest" time="0.016"/>
  <testcase name="getTaskById_shouldThrowException_whenTaskDoesNotExist" classname="com.kushagra.taskscheduler.service.TaskServiceTest" time="0.0">
    <system-out><![CDATA[23:52:43.461 [main] INFO com.kushagra.taskscheduler.service.TaskService -- Fetching task 999 from DATABASE (cache miss)
]]></system-out>
  </testcase>
</testsuite>