<?xml version="1.0" encoding="UTF-8"?>
<testsuite xmlns:xsi="http://www.w3.org/2001/XMLSchema-instance" xsi:noNamespaceSchemaLocation="https://maven.apache.org/surefire/maven-surefire-plugin/xsd/surefire-test-report-3.0.xsd" version="3.0" name="com.kushagra.taskscheduler.repository.TaskRepositoryIntegrationTest" time="15.94" tests="2" errors="0" skipped="0" failures="0">
  <properties>
[...]
</properties>
  <testcase name="shouldFindDueTasks_whenScheduledTimeHasPassed" classname="com.kushagra.taskscheduler.repository.TaskRepositoryIntegrationTest" time="1.617">
    <system-out><![CDATA[11:01:54.329 [main] INFO org.springframework.test.context.support.AnnotationConfigContextLoaderUtils -- Could not detect default configuration classes for test class [com.kushagra.taskscheduler.repository.TaskRepositoryIntegrationTest]: TaskRepositoryIntegrationTest does not declare any static, non-private, non-final, nested classes annotated with @Configuration.
11:01:54.550 [main] INFO org.springframework.boot.test.context.SpringBootTestContextBootstrapper -- Found @SpringBootConfiguration com.kushagra.taskscheduler.TaskSchedulerApplication for test class com.kushagra.taskscheduler.repository.TaskRepositoryIntegrationTest
  .   ____          _            __ _ _
 /\\ / ___'_ __ _ _(_)_ __  __ _ \ \ \ \
( ( )\___ | '_ | '_| | '_ \/ _` | \ \ \ \
 \\/  ___)| |_)| | | | | || (_| |  ) ) ) )
  '  |____| .__|_| |_|_| |_\__, | / / / /
 =========|_|==============|___/=/_/_/_/

 :: Spring Boot ::                (v3.3.0)

2026-07-11T11:01:55.335+05:30  INFO 23248 --- [task-scheduler] [           main] c.k.t.r.TaskRepositoryIntegrationTest    : Starting TaskRepositoryIntegrationTest using Java 21.0.11 with PID 23248 (started by Kushagra Tripathi in C:\Users\Kushagra Tripathi\task-scheduler)
2026-07-11T11:01:55.335+05:30  INFO 23248 --- [task-scheduler] [           main] c.k.t.r.TaskRepositoryIntegrationTest    : The following 1 profile is active: "test"
2026-07-11T11:01:57.650+05:30  INFO 23248 --- [task-scheduler] [           main] .s.d.r.c.RepositoryConfigurationDelegate : Multiple Spring Data modules found, entering strict repository configuration mode
2026-07-11T11:01:57.650+05:30  INFO 23248 --- [task-scheduler] [           main] .s.d.r.c.RepositoryConfigurationDelegate : Bootstrapping Spring Data JPA repositories in DEFAULT mode.
2026-07-11T11:01:57.911+05:30  INFO 23248 --- [task-scheduler] [           main] .s.d.r.c.RepositoryConfigurationDelegate : Finished Spring Data repository scanning in 238 ms. Found 1 JPA repository interface.
2026-07-11T11:01:57.950+05:30  INFO 23248 --- [task-scheduler] [           main] .s.d.r.c.RepositoryConfigurationDelegate : Multiple Spring Data modules found, entering strict repository configuration mode
2026-07-11T11:01:57.953+05:30  INFO 23248 --- [task-scheduler] [           main] .s.d.r.c.RepositoryConfigurationDelegate : Bootstrapping Spring Data Redis repositories in DEFAULT mode.
2026-07-11T11:01:57.979+05:30  INFO 23248 --- [task-scheduler] [           main] .RepositoryConfigurationExtensionSupport : Spring Data Redis - Could not safely identify store assignment for repository candidate interface com.kushagra.taskscheduler.repository.TaskRepository; If you want this repository to be a Redis repository, consider annotating your entities with one of these annotations: org.springframework.data.redis.core.RedisHash (preferred), or consider extending one of the following types with your repository: org.springframework.data.keyvalue.repository.KeyValueRepository
2026-07-11T11:01:57.979+05:30  INFO 23248 --- [task-scheduler] [           main] .s.d.r.c.RepositoryConfigurationDelegate : Finished Spring Data repository scanning in 14 ms. Found 0 Redis repository interfaces.
2026-07-11T11:01:59.919+05:30  INFO 23248 --- [task-scheduler] [           main] o.hibernate.jpa.internal.util.LogHelper  : HHH000204: Processing PersistenceUnitInfo [name: default]
2026-07-11T11:02:00.051+05:30  INFO 23248 --- [task-scheduler] [           main] org.hibernate.Version                    : HHH000412: Hibernate ORM core version 6.5.2.Final
2026-07-11T11:02:00.111+05:30  INFO 23248 --- [task-scheduler] [           main] o.h.c.internal.RegionFactoryInitiator    : HHH000026: Second-level cache disabled
2026-07-11T11:02:00.701+05:30  INFO 23248 --- [task-scheduler] [           main] o.s.o.j.p.SpringPersistenceUnitInfo      : No LoadTimeWeaver setup: ignoring JPA class transformer
2026-07-11T11:02:00.756+05:30  INFO 23248 --- [task-scheduler] [           main] com.zaxxer.hikari.HikariDataSource       : HikariPool-1 - Starting...
2026-07-11T11:02:01.068+05:30  INFO 23248 --- [task-scheduler] [           main] com.zaxxer.hikari.pool.HikariPool        : HikariPool-1 - Added connection org.postgresql.jdbc.PgConnection@626df173
2026-07-11T11:02:01.068+05:30  INFO 23248 --- [task-scheduler] [           main] com.zaxxer.hikari.HikariDataSource       : HikariPool-1 - Start completed.
2026-07-11T11:02:02.896+05:30  INFO 23248 --- [task-scheduler] [           main] o.h.e.t.j.p.i.JtaPlatformInitiator       : HHH000489: No JTA platform available (set 'hibernate.transaction.jta.platform' to enable JTA platform integration)
2026-07-11T11:02:03.011+05:30  INFO 23248 --- [task-scheduler] [           main] j.LocalContainerEntityManagerFactoryBean : Initialized JPA EntityManagerFactory for persistence unit 'default'
2026-07-11T11:02:05.374+05:30  WARN 23248 --- [task-scheduler] [           main] JpaBaseConfiguration$JpaWebConfiguration : spring.jpa.open-in-view is enabled by default. Therefore, database queries may be performed during view rendering. Explicitly configure spring.jpa.open-in-view to disable this warning
2026-07-11T11:02:07.339+05:30  INFO 23248 --- [task-scheduler] [           main] o.s.b.a.e.web.EndpointLinksResolver      : Exposing 3 endpoints beneath base path '/actuator'
2026-07-11T11:02:07.654+05:30  INFO 23248 --- [task-scheduler] [           main] o.a.k.clients.consumer.ConsumerConfig    : ConsumerConfig values: 
	allow.auto.create.topics = true
	auto.commit.interval.ms = 5000
	auto.include.jmx.reporter = true
	auto.offset.reset = earliest
	bootstrap.servers = [localhost:9092]
	check.crcs = true
	client.dns.lookup = use_all_dns_ips
	client.id = consumer-task-scheduler-group-1
	client.rack = 
	connections.max.idle.ms = 540000
	default.api.timeout.ms = 60000
	enable.auto.commit = false
	enable.metrics.push = true
	exclude.internal.topics = true
	fetch.max.bytes = 52428800
	fetch.max.wait.ms = 500
	fetch.min.bytes = 1
	group.id = task-scheduler-group
	group.instance.id = null
	group.protocol = classic
	group.remote.assignor = null
	heartbeat.interval.ms = 3000
	interceptor.classes = []
	internal.leave.group.on.close = true
	internal.throw.on.fetch.stable.offset.unsupported = false
	isolation.level = read_uncommitted
	key.deserializer = class org.apache.kafka.common.serialization.StringDeserializer
	max.partition.fetch.bytes = 1048576
	max.poll.interval.ms = 300000
	max.poll.records = 500
	metadata.max.age.ms = 300000
	metric.reporters = []
	metrics.num.samples = 2
	metrics.recording.level = INFO
	metrics.sample.window.ms = 30000
	partition.assignment.strategy = [class org.apache.kafka.clients.consumer.RangeAssignor, class org.apache.kafka.clients.consumer.CooperativeStickyAssignor]
	receive.buffer.bytes = 65536
	reconnect.backoff.max.ms = 1000
	reconnect.backoff.ms = 50
	request.timeout.ms = 30000
	retry.backoff.max.ms = 1000
	retry.backoff.ms = 100
	sasl.client.callback.handler.class = null
	sasl.jaas.config = null
	sasl.kerberos.kinit.cmd = /usr/bin/kinit
	sasl.kerberos.min.time.before.relogin = 60000
	sasl.kerberos.service.name = null
	sasl.kerberos.ticket.renew.jitter = 0.05
	sasl.kerberos.ticket.renew.window.factor = 0.8
	sasl.login.callback.handler.class = null
	sasl.login.class = null
	sasl.login.connect.timeout.ms = null
	sasl.login.read.timeout.ms = null
	sasl.login.refresh.buffer.seconds = 300
	sasl.login.refresh.min.period.seconds = 60
	sasl.login.refresh.window.factor = 0.8
	sasl.login.refresh.window.jitter = 0.05
	sasl.login.retry.backoff.max.ms = 10000
	sasl.login.retry.backoff.ms = 100
	sasl.mechanism = GSSAPI
	sasl.oauthbearer.clock.skew.seconds = 30
	sasl.oauthbearer.expected.audience = null
	sasl.oauthbearer.expected.issuer = null
	sasl.oauthbearer.jwks.endpoint.refresh.ms = 3600000
	sasl.oauthbearer.jwks.endpoint.retry.backoff.max.ms = 10000
	sasl.oauthbearer.jwks.endpoint.retry.backoff.ms = 100
	sasl.oauthbearer.jwks.endpoint.url = null
	sasl.oauthbearer.scope.claim.name = scope
	sasl.oauthbearer.sub.claim.name = sub
	sasl.oauthbearer.token.endpoint.url = null
	security.protocol = PLAINTEXT
	security.providers = null
	send.buffer.bytes = 131072
	session.timeout.ms = 45000
	socket.connection.setup.timeout.max.ms = 30000
	socket.connection.setup.timeout.ms = 10000
	ssl.cipher.suites = null
	ssl.enabled.protocols = [TLSv1.2, TLSv1.3]
	ssl.endpoint.identification.algorithm = https
	ssl.engine.factory.class = null
	ssl.key.password = null
	ssl.keymanager.algorithm = SunX509
	ssl.keystore.certificate.chain = null
	ssl.keystore.key = null
	ssl.keystore.location = null
	ssl.keystore.password = null
	ssl.keystore.type = JKS
	ssl.protocol = TLSv1.3
	ssl.provider = null
	ssl.secure.random.implementation = null
	ssl.trustmanager.algorithm = PKIX
	ssl.truststore.certificates = null
	ssl.truststore.location = null
	ssl.truststore.password = null
	ssl.truststore.type = JKS
	value.deserializer = class org.springframework.kafka.support.serializer.JsonDeserializer

2026-07-11T11:02:07.807+05:30  INFO 23248 --- [task-scheduler] [           main] o.a.k.c.t.i.KafkaMetricsCollector        : initializing Kafka metrics collector
2026-07-11T11:02:08.151+05:30  INFO 23248 --- [task-scheduler] [           main] o.a.kafka.common.utils.AppInfoParser     : Kafka version: 3.7.0
2026-07-11T11:02:08.151+05:30  INFO 23248 --- [task-scheduler] [           main] o.a.kafka.common.utils.AppInfoParser     : Kafka commitId: 2ae524ed625438c5
2026-07-11T11:02:08.151+05:30  INFO 23248 --- [task-scheduler] [           main] o.a.kafka.common.utils.AppInfoParser     : Kafka startTimeMs: 1783747928151
2026-07-11T11:02:08.175+05:30  INFO 23248 --- [task-scheduler] [           main] o.a.k.c.c.internals.LegacyKafkaConsumer  : [Consumer clientId=consumer-task-scheduler-group-1, groupId=task-scheduler-group] Subscribed to topic(s): task-events
2026-07-11T11:02:08.224+05:30  INFO 23248 --- [task-scheduler] [           main] c.k.t.r.TaskRepositoryIntegrationTest    : Started TaskRepositoryIntegrationTest in 13.403 seconds (process running for 15.264)
Hibernate: 
    select
        t1_0.id,
        t1_0.created_at,
        t1_0.description,
        t1_0.max_retries,
        t1_0.retry_count,
        t1_0.scheduled_at,
        t1_0.status,
        t1_0.title,
        t1_0.updated_at 
    from
        tasks t1_0 
    where
        t1_0.status=? 
        and t1_0.scheduled_at<=?
2026-07-11T11:02:09.153+05:30  INFO 23248 --- [task-scheduler] [   scheduling-1] c.k.t.service.TaskSchedulerService       : Found 1 due task(s) to execute
Hibernate: 
    select
        t1_0.id,
        t1_0.created_at,
        t1_0.description,
        t1_0.max_retries,
        t1_0.retry_count,
        t1_0.scheduled_at,
        t1_0.status,
        t1_0.title,
        t1_0.updated_at 
    from
        tasks t1_0 
    where
        t1_0.id=?
2026-07-11T11:02:09.262+05:30  INFO 23248 --- [task-scheduler] [  task-worker-1] c.k.t.service.TaskWorkerService          : Starting execution of task 5 on thread task-worker-1 (attempt 1/4)
Hibernate: 
    select
        t1_0.id,
        t1_0.created_at,
        t1_0.description,
        t1_0.max_retries,
        t1_0.retry_count,
        t1_0.scheduled_at,
        t1_0.status,
        t1_0.title,
        t1_0.updated_at 
    from
        tasks t1_0 
    where
        t1_0.id=?
Hibernate: 
    update
        tasks 
    set
        description=?,
        max_retries=?,
        retry_count=?,
        scheduled_at=?,
        status=?,
        title=?,
        updated_at=? 
    where
        id=?
Hibernate: 
    insert 
    into
        tasks
        (created_at, description, max_retries, retry_count, scheduled_at, status, title, updated_at) 
    values
        (?, ?, ?, ?, ?, ?, ?, ?) 
    returning id
2026-07-11T11:02:09.733+05:30  INFO 23248 --- [task-scheduler] [ntainer#0-0-C-1] org.apache.kafka.clients.NetworkClient   : [Consumer clientId=consumer-task-scheduler-group-1, groupId=task-scheduler-group] Node -1 disconnected.
2026-07-11T11:02:09.744+05:30  WARN 23248 --- [task-scheduler] [ntainer#0-0-C-1] org.apache.kafka.clients.NetworkClient   : [Consumer clientId=consumer-task-scheduler-group-1, groupId=task-scheduler-group] Connection to node -1 (localhost/127.0.0.1:9092) could not be established. Node may not be available.
2026-07-11T11:02:09.744+05:30  WARN 23248 --- [task-scheduler] [ntainer#0-0-C-1] org.apache.kafka.clients.NetworkClient   : [Consumer clientId=consumer-task-scheduler-group-1, groupId=task-scheduler-group] Bootstrap broker localhost:9092 (id: -1 rack: null) disconnected
Hibernate: 
    insert 
    into
        tasks
        (created_at, description, max_retries, retry_count, scheduled_at, status, title, updated_at) 
    values
        (?, ?, ?, ?, ?, ?, ?, ?) 
    returning id
Hibernate: 
    select
        t1_0.id,
        t1_0.created_at,
        t1_0.description,
        t1_0.max_retries,
        t1_0.retry_count,
        t1_0.scheduled_at,
        t1_0.status,
        t1_0.title,
        t1_0.updated_at 
    from
        tasks t1_0 
    where
        t1_0.status=? 
        and t1_0.scheduled_at<=?
2026-07-11T11:02:09.879+05:30  INFO 23248 --- [task-scheduler] [ntainer#0-0-C-1] org.apache.kafka.clients.NetworkClient   : [Consumer clientId=consumer-task-scheduler-group-1, groupId=task-scheduler-group] Node -1 disconnected.
2026-07-11T11:02:09.879+05:30  WARN 23248 --- [task-scheduler] [ntainer#0-0-C-1] org.apache.kafka.clients.NetworkClient   : [Consumer clientId=consumer-task-scheduler-group-1, groupId=task-scheduler-group] Connection to node -1 (localhost/127.0.0.1:9092) could not be established. Node may not be available.
2026-07-11T11:02:09.879+05:30  WARN 23248 --- [task-scheduler] [ntainer#0-0-C-1] org.apache.kafka.clients.NetworkClient   : [Consumer clientId=consumer-task-scheduler-group-1, groupId=task-scheduler-group] Bootstrap broker localhost:9092 (id: -1 rack: null) disconnected
]]></system-out>
    <system-err><![CDATA[WARNING: A Java agent has been loaded dynamically (C:\Users\Kushagra Tripathi\.m2\repository\net\bytebuddy\byte-buddy-agent\1.14.16\byte-buddy-agent-1.14.16.jar)
WARNING: If a serviceability tool is in use, please run with -XX:+EnableDynamicAgentLoading to hide this warning
WARNING: If a serviceability tool is not in use, please run with -Djdk.instrument.traceUsage for more information
WARNING: Dynamic loading of agents will be disallowed by default in a future release
]]></system-err>
  </testcase>
  <testcase name="shouldSaveAndRetrieveTask" classname="com.kushagra.taskscheduler.repository.TaskRepositoryIntegrationTest" time="0.057">
    <system-out><![CDATA[Hibernate: 
    insert 
    into
        tasks
        (created_at, description, max_retries, retry_count, scheduled_at, status, title, updated_at) 
    values
        (?, ?, ?, ?, ?, ?, ?, ?) 
    returning id
]]></system-out>
  </testcase>
</testsuite>